{"message":{"propertyClick":{"userId":"anonymous","propertyName":"Flight","url_clicked":"/listings/flights","date":23,"month":6,"year":2020,"timeStamp":"6:59:41 AM"}},"level":"info"}
{"message":{"propertyClick":{"userId":"anonymous","propertyName":"Car","url_clicked":"/listings/cars","date":23,"month":6,"year":2020,"timeStamp":"6:59:43 AM"}},"level":"info"}
{"message":{"propertyClick":{"userId":"anonymous","propertyName":"Flight","url_clicked":"/listings/flights","date":23,"month":6,"year":2020,"timeStamp":"6:59:47 AM"}},"level":"info"}
{"message":{"propertyClick":{"userId":"anonymous","propertyName":"Car","url_clicked":"/listings/cars","date":23,"month":6,"year":2020,"timeStamp":"6:59:49 AM"}},"level":"info"}
{"message":{"propertyClick":{"userId":"anonymous","propertyName":"Flight","url_clicked":"/listings/flights","date":23,"month":6,"year":2020,"timeStamp":"7:40:45 AM"}},"level":"info"}
{"message":{"propertyClick":{"userId":"anonymous","propertyName":"Car","url_clicked":"/listings/cars","date":23,"month":6,"year":2020,"timeStamp":"7:40:47 AM"}},"level":"info"}
{"message":{"propertyClick":{"userId":"anonymous","propertyName":"Flight","url_clicked":"/listings/flights","date":23,"month":6,"year":2020,"timeStamp":"7:40:51 AM"}},"level":"info"}
{"message":{"propertyClick":{"userId":"anonymous","propertyName":"Car","url_clicked":"/listings/cars","date":23,"month":6,"year":2020,"timeStamp":"7:40:53 AM"}},"level":"info"}
{"message":{"propertyClick":{"userId":"anonymous","propertyName":"Flight","url_clicked":"/listings/flights","date":23,"month":6,"year":2020,"timeStamp":"7:53:46 AM"}},"level":"info"}
{"message":{"propertyClick":{"userId":"anonymous","propertyName":"Car","url_clicked":"/listings/cars","date":23,"month":6,"year":2020,"timeStamp":"7:53:48 AM"}},"level":"info"}
{"message":{"propertyClick":{"userId":"anonymous","propertyName":"Flight","url_clicked":"/listings/flights","date":23,"month":6,"year":2020,"timeStamp":"7:53:52 AM"}},"level":"info"}
{"message":{"propertyClick":{"userId":"anonymous","propertyName":"Car","url_clicked":"/listings/cars","date":23,"month":6,"year":2020,"timeStamp":"7:53:54 AM"}},"level":"info"}
{"message":{"propertyClick":{"userId":"anonymous","propertyName":"Flight","url_clicked":"/listings/flights","date":23,"month":6,"year":2020,"timeStamp":"8:03:18 AM"}},"level":"info"}
{"message":{"propertyClick":{"userId":"anonymous","propertyName":"Car","url_clicked":"/listings/cars","date":23,"month":6,"year":2020,"timeStamp":"8:03:20 AM"}},"level":"info"}
{"message":{"propertyClick":{"userId":"anonymous","propertyName":"Flight","url_clicked":"/listings/flights","date":23,"month":6,"year":2020,"timeStamp":"8:03:24 AM"}},"level":"info"}
{"message":{"propertyClick":{"userId":"anonymous","propertyName":"Car","url_clicked":"/listings/cars","date":23,"month":6,"year":2020,"timeStamp":"8:03:26 AM"}},"level":"info"}
{"message":{"propertyClick":{"userId":"anonymous","propertyName":"Flight","url_clicked":"/listings/flights","date":23,"month":6,"year":2020,"timeStamp":"8:14:14 AM"}},"level":"info"}
{"message":{"propertyClick":{"userId":"anonymous","propertyName":"Car","url_clicked":"/listings/cars","date":23,"month":6,"year":2020,"timeStamp":"8:14:16 AM"}},"level":"info"}
{"message":{"propertyClick":{"userId":"anonymous","propertyName":"Flight","url_clicked":"/listings/flights","date":23,"month":6,"year":2020,"timeStamp":"8:14:20 AM"}},"level":"info"}
{"message":{"propertyClick":{"userId":"anonymous","propertyName":"Car","url_clicked":"/listings/cars","date":23,"month":6,"year":2020,"timeStamp":"8:14:22 AM"}},"level":"info"}
{"message":{"propertyClick":{"userId":"anonymous","propertyName":"Flight","url_clicked":"/listings/flights","date":23,"month":6,"year":2020,"timeStamp":"8:23:38 AM"}},"level":"info"}
{"message":{"propertyClick":{"userId":"anonymous","propertyName":"Car","url_clicked":"/listings/cars","date":23,"month":6,"year":2020,"timeStamp":"8:23:40 AM"}},"level":"info"}
{"message":{"propertyClick":{"userId":"anonymous","propertyName":"Flight","url_clicked":"/listings/flights","date":23,"month":6,"year":2020,"timeStamp":"8:23:44 AM"}},"level":"info"}
{"message":{"propertyClick":{"userId":"anonymous","propertyName":"Car","url_clicked":"/listings/cars","date":23,"month":6,"year":2020,"timeStamp":"8:23:46 AM"}},"level":"info"}
{"message":{"propertyClick":{"userId":"anonymous","propertyName":"Flight","url_clicked":"/listings/flights","date":23,"month":6,"year":2020,"timeStamp":"8:44:32 AM"}},"level":"info"}
{"message":{"propertyClick":{"userId":"anonymous","propertyName":"Car","url_clicked":"/listings/cars","date":23,"month":6,"year":2020,"timeStamp":"8:44:34 AM"}},"level":"info"}
{"message":{"propertyClick":{"userId":"anonymous","propertyName":"Flight","url_clicked":"/listings/flights","date":23,"month":6,"year":2020,"timeStamp":"8:44:38 AM"}},"level":"info"}
{"message":{"propertyClick":{"userId":"anonymous","propertyName":"Car","url_clicked":"/listings/cars","date":23,"month":6,"year":2020,"timeStamp":"8:44:40 AM"}},"level":"info"}
{"message":{"pageClick":{"userId":"anonymous","pageName":"UserHome","date":25,"month":6,"year":2020,"timeStamp":"9:29:59 PM"}},"level":"info"}
{"message":{"pageClick":{"userId":"anonymous","pageName":"SignUp","date":25,"month":6,"year":2020,"timeStamp":"9:30:04 PM"}},"level":"info"}
{"message":{"pageClick":{"userId":"anonymous","pageName":"SignUp","date":25,"month":6,"year":2020,"timeStamp":"9:30:07 PM"}},"level":"info"}
{"message":{"pageClick":{"userId":"shenoudafarouk23@yahoo.com","pageName":"UserHome","date":25,"month":6,"year":2020,"timeStamp":"9:31:38 PM"}},"level":"info"}
{"message":{"pageClick":{"userId":"shenoudafarouk23@yahoo.com","pageName":"UserProfile","date":25,"month":6,"year":2020,"timeStamp":"9:34:10 PM"}},"level":"info"}
{"message":{"pageClick":{"userId":"shenoudafarouk23@yahoo.com","pageName":"UserProfile","date":25,"month":6,"year":2020,"timeStamp":"9:39:30 PM"}},"level":"info"}
{"message":{"pageClick":{"userId":"shenoudafarouk23@yahoo.com","pageName":"UserHome","date":25,"month":6,"year":2020,"timeStamp":"9:42:46 PM"}},"level":"info"}
{"message":{"pageClick":{"userId":"shenoudafarouk23@yahoo.com","pageName":"UserProfile","date":25,"month":6,"year":2020,"timeStamp":"9:42:46 PM"}},"level":"info"}
{"message":{"pageClick":{"userId":"shenoudafarouk23@yahoo.com","pageName":"SignIn","date":25,"month":6,"year":2020,"timeStamp":"9:43:25 PM"}},"level":"info"}
{"message":{"pageClick":{"userId":"shenoudafarouk23@yahoo.com","pageName":"SignIn","date":25,"month":6,"year":2020,"timeStamp":"9:44:29 PM"}},"level":"info"}
{"message":{"pageClick":{"userId":"shenoudafarouk23@yahoo.com","pageName":"SignIn","date":25,"month":6,"year":2020,"timeStamp":"9:45:35 PM"}},"level":"info"}
{"message":{"pageClick":{"userId":"shenoudafarouk23@yahoo.com","pageName":"SignIn","date":25,"month":6,"year":2020,"timeStamp":"9:47:30 PM"}},"level":"info"}
{"message":{"pageClick":{"userId":"shenoudafarouk23@yahoo.com","pageName":"UserHome","date":25,"month":6,"year":2020,"timeStamp":"9:55:04 PM"}},"level":"info"}
{"message":{"pageClick":{"userId":"shenoudafarouk23@yahoo.com","pageName":"SignIn","date":25,"month":6,"year":2020,"timeStamp":"9:56:09 PM"}},"level":"info"}
{"message":{"pageClick":{"userId":"shenoudafarouk23@yahoo.com","pageName":"UserHome","date":25,"month":6,"year":2020,"timeStamp":"10:08:42 PM"}},"level":"info"}
{"message":{"pageClick":{"userId":"shenoudafarouk23@yahoo.com","pageName":"SignIn","date":25,"month":6,"year":2020,"timeStamp":"10:11:07 PM"}},"level":"info"}
{"message":{"pageClick":{"userId":"shenoudafarouk23@yahoo.com","pageName":"UserHome","date":25,"month":6,"year":2020,"timeStamp":"10:11:14 PM"}},"level":"info"}
{"message":{"pageClick":{"userId":"shenoudafarouk23@yahoo.com","pageName":"UserProfile","date":25,"month":6,"year":2020,"timeStamp":"10:12:27 PM"}},"level":"info"}
{"message":{"pageClick":{"userId":"shenoudafarouk23@yahoo.com","pageName":"UserHome","date":25,"month":6,"year":2020,"timeStamp":"10:12:53 PM"}},"level":"info"}
{"message":{"pageClick":{"userId":"shenoudafarouk23@yahoo.com","pageName":"UserHome","date":25,"month":6,"year":2020,"timeStamp":"10:13:43 PM"}},"level":"info"}
{"message":{"pageClick":{"userId":"shenoudafarouk23@yahoo.com","pageName":"SignIn","date":25,"month":6,"year":2020,"timeStamp":"10:17:07 PM"}},"level":"info"}
{"message":{"pageClick":{"userId":"shenoudafarouk23@yahoo.com","pageName":"UserHome","date":25,"month":6,"year":2020,"timeStamp":"10:34:18 PM"}},"level":"info"}
{"message":{"pageClick":{"userId":"shenoudafarouk23@yahoo.com","pageName":"SignUp","date":25,"month":6,"year":2020,"timeStamp":"10:34:33 PM"}},"level":"info"}
{"message":{"pageClick":{"userId":"shenoudafarouk23@yahoo.com","pageName":"SignUp","date":25,"month":6,"year":2020,"timeStamp":"10:34:35 PM"}},"level":"info"}
{"message":{"pageClick":{"userId":"shenoudafarouk@yahoo.com","pageName":"UserHome","date":25,"month":6,"year":2020,"timeStamp":"10:35:38 PM"}},"level":"info"}
{"message":{"pageClick":{"userId":"shenoudafarouk@yahoo.com","pageName":"UserHome","date":25,"month":6,"year":2020,"timeStamp":"10:38:13 PM"}},"level":"info"}
{"message":{"pageClick":{"userId":"shenoudafarouk@yahoo.com","pageName":"SignIn","date":25,"month":6,"year":2020,"timeStamp":"10:38:46 PM"}},"level":"info"}
{"message":{"pageClick":{"userId":"shenoudafarouk@yahoo.com","pageName":"UserHome","date":25,"month":6,"year":2020,"timeStamp":"10:38:48 PM"}},"level":"info"}
{"message":{"pageClick":{"userId":"shenoudafarouk@yahoo.com","pageName":"UserProfile","date":25,"month":6,"year":2020,"timeStamp":"10:39:01 PM"}},"level":"info"}
{"message":{"pageClick":{"userId":"shenoudafarouk@yahoo.com","pageName":"UserProfile","date":25,"month":6,"year":2020,"timeStamp":"10:39:58 PM"}},"level":"info"}
{"message":{"pageClick":{"userId":"shenoudafarouk@yahoo.com","pageName":"UserHome","date":25,"month":6,"year":2020,"timeStamp":"10:40:28 PM"}},"level":"info"}
{"message":{"pageClick":{"userId":"anonymous","pageName":"UserHome","date":25,"month":6,"year":2020,"timeStamp":"10:41:11 PM"}},"level":"info"}
{"message":{"pageClick":{"userId":"anonymous","pageName":"SignIn","date":25,"month":6,"year":2020,"timeStamp":"10:41:44 PM"}},"level":"info"}
{"message":{"pageClick":{"userId":"shenoudafarouk23@yahoo.com","pageName":"UserProfile","date":25,"month":6,"year":2020,"timeStamp":"10:47:45 PM"}},"level":"info"}
{"message":{"pageClick":{"userId":"shenoudafarouk23@yahoo.com","pageName":"UserHome","date":25,"month":6,"year":2020,"timeStamp":"11:03:34 PM"}},"level":"info"}
{"message":{"pageClick":{"userId":"shenoudafarouk23@yahoo.com","pageName":"UserProfile","date":25,"month":6,"year":2020,"timeStamp":"11:03:51 PM"}},"level":"info"}
{"message":{"pageClick":{"userId":"shenoudafarouk23@yahoo.com","pageName":"UserHome","date":26,"month":6,"year":2020,"timeStamp":"12:20:28 AM"}},"level":"info"}
{"message":{"pageClick":{"userId":"shenoudafarouk23@yahoo.com","pageName":"SignIn","date":26,"month":6,"year":2020,"timeStamp":"12:21:32 AM"}},"level":"info"}
{"message":{"pageClick":{"userId":"shenoudafarouk@yahoo.com","pageName":"UserHome","date":26,"month":6,"year":2020,"timeStamp":"12:21:44 AM"}},"level":"info"}
{"message":{"propertyClick":{"userId":"anonymous","propertyName":"Hotel","url_clicked":"/listings/hotels","date":26,"month":6,"year":2020,"timeStamp":"12:23:14 AM"}},"level":"info"}
{"message":{"pageClick":{"userId":"shenoudafarouk@yahoo.com","pageName":"HotelListing","date":26,"month":6,"year":2020,"timeStamp":"12:23:11 AM"}},"level":"info"}
{"message":{"propertyClick":{"userId":"anonymous","propertyName":"Hotel","url_clicked":"/listings/hotels","date":26,"month":6,"year":2020,"timeStamp":"12:23:55 AM"}},"level":"info"}
{"message":{"pageClick":{"userId":"shenoudafarouk@yahoo.com","pageName":"HotelListing","date":26,"month":6,"year":2020,"timeStamp":"12:23:55 AM"}},"level":"info"}
{"message":{"propertyClick":{"userId":"anonymous","propertyName":"Hotel","url_clicked":"/listings/hotels","date":26,"month":6,"year":2020,"timeStamp":"12:24:54 AM"}},"level":"info"}
{"message":{"pageClick":{"userId":"shenoudafarouk@yahoo.com","pageName":"HotelListing","date":26,"month":6,"year":2020,"timeStamp":"12:24:52 AM"}},"level":"info"}
{"message":{"pageClick":{"userId":"shenoudafarouk@yahoo.com","pageName":"SignUp","date":26,"month":6,"year":2020,"timeStamp":"12:25:03 AM"}},"level":"info"}
{"message":{"pageClick":{"userId":"shenoudafarouk@yahoo.com","pageName":"SignUp","date":26,"month":6,"year":2020,"timeStamp":"12:25:07 AM"}},"level":"info"}
{"message":{"pageClick":{"userId":"shenoudafarouk@yahoo.com","pageName":"UserHome","date":26,"month":6,"year":2020,"timeStamp":"12:25:10 AM"}},"level":"info"}
{"message":{"pageClick":{"userId":"shenoudafarouk@yahoo.com","pageName":"SignIn","date":26,"month":6,"year":2020,"timeStamp":"12:25:19 AM"}},"level":"info"}
{"message":{"pageClick":{"userId":"shenoudafarouk@yahoo.com","pageName":"UserHome","date":26,"month":6,"year":2020,"timeStamp":"12:25:22 AM"}},"level":"info"}
{"message":{"propertyClick":{"userId":"anonymous","propertyName":"Hotel","url_clicked":"/listings/hotels","date":26,"month":6,"year":2020,"timeStamp":"12:26:02 AM"}},"level":"info"}
{"message":{"pageClick":{"userId":"shenoudafarouk@yahoo.com","pageName":"HotelListing","date":26,"month":6,"year":2020,"timeStamp":"12:26:02 AM"}},"level":"info"}
{"message":{"pageClick":{"userId":"anonymous","pageName":"UserHome","date":26,"month":6,"year":2020,"timeStamp":"1:20:01 AM"}},"level":"info"}
{"message":{"pageClick":{"userId":"anonymous","pageName":"SignUp","date":26,"month":6,"year":2020,"timeStamp":"1:22:28 AM"}},"level":"info"}
{"message":{"pageClick":{"userId":"anonymous","pageName":"SignUp","date":26,"month":6,"year":2020,"timeStamp":"1:22:34 AM"}},"level":"info"}
{"message":{"pageClick":{"userId":"osama22@gmail.com","pageName":"UserHome","date":26,"month":6,"year":2020,"timeStamp":"1:24:52 AM"}},"level":"info"}
{"message":{"pageClick":{"userId":"osama22@gmail.com","pageName":"UserProfile","date":26,"month":6,"year":2020,"timeStamp":"1:29:18 AM"}},"level":"info"}
{"message":{"pageClick":{"userId":"osama22@gmail.com","pageName":"UserProfile","date":26,"month":6,"year":2020,"timeStamp":"1:30:59 AM"}},"level":"info"}
{"message":{"pageClick":{"userId":"osama22@gmail.com","pageName":"UserHome","date":26,"month":6,"year":2020,"timeStamp":"1:31:32 AM"}},"level":"info"}
{"message":{"pageClick":{"userId":"osama22@gmail.com","pageName":"UserHome","date":26,"month":6,"year":2020,"timeStamp":"1:31:40 AM"}},"level":"info"}
{"message":{"pageClick":{"userId":"osama22@gmail.com","pageName":"SignIn","date":26,"month":6,"year":2020,"timeStamp":"1:32:12 AM"}},"level":"info"}
{"message":{"pageClick":{"userId":"shenoudafarouk23@yahoo.com","pageName":"UserHome","date":26,"month":6,"year":2020,"timeStamp":"1:49:00 AM"}},"level":"info"}
{"message":{"pageClick":{"userId":"shenoudafarouk23@yahoo.com","pageName":"SignIn","date":26,"month":6,"year":2020,"timeStamp":"2:01:34 AM"}},"level":"info"}
{"message":{"pageClick":{"userId":"shenoudafarouk@yahoo.com","pageName":"UserHome","date":26,"month":6,"year":2020,"timeStamp":"2:01:46 AM"}},"level":"info"}
